Using pre-set license
Built from '2022.3/staging' branch; Version is '2022.3.19f1 (244b723c30a6) revision 2378610'; Using compiler version '192829333'; Build Type 'Release'
OS: 'Windows 11  (10.0.22621) 64bit Education' Language: 'ko' Physical Memory: 65450 MB
BatchMode: 1, IsHumanControllingUs: 0, StartBugReporterOnCrash: 0, Is64bit: 1, IsPro: 1

COMMAND LINE ARGUMENTS:
C:\Program Files\Unity\Hub\Editor\2022.3.19f1\Editor\Unity.exe
-adb2
-batchMode
-noUpm
-name
AssetImportWorker2
-projectPath
E:/github/LethalCookieRoom/LethalCookieRoom
-logFile
Logs/AssetImportWorker2.log
-srvPort
11933
Successfully changed project path to: E:/github/LethalCookieRoom/LethalCookieRoom
E:/github/LethalCookieRoom/LethalCookieRoom
[UnityMemory] Configuration Parameters - Can be set up in boot.config
    "memorysetup-bucket-allocator-granularity=16"
    "memorysetup-bucket-allocator-bucket-count=8"
    "memorysetup-bucket-allocator-block-size=33554432"
    "memorysetup-bucket-allocator-block-count=8"
    "memorysetup-main-allocator-block-size=16777216"
    "memorysetup-thread-allocator-block-size=16777216"
    "memorysetup-gfx-main-allocator-block-size=16777216"
    "memorysetup-gfx-thread-allocator-block-size=16777216"
    "memorysetup-cache-allocator-block-size=4194304"
    "memorysetup-typetree-allocator-block-size=2097152"
    "memorysetup-profiler-bucket-allocator-granularity=16"
    "memorysetup-profiler-bucket-allocator-bucket-count=8"
    "memorysetup-profiler-bucket-allocator-block-size=33554432"
    "memorysetup-profiler-bucket-allocator-block-count=8"
    "memorysetup-profiler-allocator-block-size=16777216"
    "memorysetup-profiler-editor-allocator-block-size=1048576"
    "memorysetup-temp-allocator-size-main=16777216"
    "memorysetup-job-temp-allocator-block-size=2097152"
    "memorysetup-job-temp-allocator-block-size-background=1048576"
    "memorysetup-job-temp-allocator-reduction-small-platforms=262144"
    "memorysetup-allocator-temp-initial-block-size-main=262144"
    "memorysetup-allocator-temp-initial-block-size-worker=262144"
    "memorysetup-temp-allocator-size-background-worker=32768"
    "memorysetup-temp-allocator-size-job-worker=262144"
    "memorysetup-temp-allocator-size-preload-manager=33554432"
    "memorysetup-temp-allocator-size-nav-mesh-worker=65536"
    "memorysetup-temp-allocator-size-audio-worker=65536"
    "memorysetup-temp-allocator-size-cloud-worker=32768"
    "memorysetup-temp-allocator-size-gi-baking-worker=262144"
    "memorysetup-temp-allocator-size-gfx=262144"
Player connection [104096] Host "[IP] 192.168.50.188 [Port] 0 [Flags] 2 [Guid] 3987575604 [EditorId] 3987575604 [Version] 1048832 [Id] WindowsEditor(7,DESKTOP-61H7S5V) [Debug] 1 [PackageName] WindowsEditor [ProjectName] Editor" joined multi-casting on [225.0.0.222:54997]...

Player connection [104096] Host "[IP] 192.168.50.188 [Port] 0 [Flags] 2 [Guid] 3987575604 [EditorId] 3987575604 [Version] 1048832 [Id] WindowsEditor(7,DESKTOP-61H7S5V) [Debug] 1 [PackageName] WindowsEditor [ProjectName] Editor" joined alternative multi-casting on [225.0.0.222:34997]...

[Physics::Module] Initialized MultithreadedJobDispatcher with 15 workers.
Refreshing native plugins compatible for Editor in 5.94 ms, found 3 plugins.
Preloading 0 native plugins for Editor in 0.00 ms.
Initialize engine version: 2022.3.19f1 (244b723c30a6)
[Subsystems] Discovering subsystems at path C:/Program Files/Unity/Hub/Editor/2022.3.19f1/Editor/Data/Resources/UnitySubsystems
[Subsystems] Discovering subsystems at path E:/github/LethalCookieRoom/LethalCookieRoom/Assets
GfxDevice: creating device client; threaded=0; jobified=0
Direct3D:
    Version:  Direct3D 11.0 [level 11.1]
    Renderer: NVIDIA GeForce RTX 2060 SUPER (ID=0x1f06)
    Vendor:   NVIDIA
    VRAM:     8019 MB
    Driver:   31.0.15.4584
Initialize mono
Mono path[0] = 'C:/Program Files/Unity/Hub/Editor/2022.3.19f1/Editor/Data/Managed'
Mono path[1] = 'C:/Program Files/Unity/Hub/Editor/2022.3.19f1/Editor/Data/MonoBleedingEdge/lib/mono/unityjit-win32'
Mono config path = 'C:/Program Files/Unity/Hub/Editor/2022.3.19f1/Editor/Data/MonoBleedingEdge/etc'
Using monoOptions --debugger-agent=transport=dt_socket,embedding=1,server=y,suspend=n,address=127.0.0.1:56444
Begin MonoManager ReloadAssembly
Registering precompiled unity dll's ...
Register platform support module: C:/Program Files/Unity/Hub/Editor/2022.3.19f1/Editor/Data/PlaybackEngines/WindowsStandaloneSupport/UnityEditor.WindowsStandalone.Extensions.dll
Registered in 0.005947 seconds.
- Loaded All Assemblies, in  0.353 seconds
Native extension for WindowsStandalone target not found
Mono: successfully reloaded assembly
- Finished resetting the current domain, in  0.284 seconds
Domain Reload Profiling: 637ms
	BeginReloadAssembly (100ms)
		ExecutionOrderSort (0ms)
		DisableScriptedObjects (0ms)
		BackupInstance (0ms)
		ReleaseScriptingObjects (0ms)
		CreateAndSetChildDomain (1ms)
	RebuildCommonClasses (37ms)
	RebuildNativeTypeToScriptingClass (12ms)
	initialDomainReloadingComplete (57ms)
	LoadAllAssembliesAndSetupDomain (146ms)
		LoadAssemblies (98ms)
		RebuildTransferFunctionScriptingTraits (0ms)
		AnalyzeDomain (145ms)
			TypeCache.Refresh (143ms)
				TypeCache.ScanAssembly (129ms)
			ScanForSourceGeneratedMonoScriptInfo (0ms)
			ResolveRequiredComponents (0ms)
	FinalizeReload (285ms)
		ReleaseScriptCaches (0ms)
		RebuildScriptCaches (0ms)
		SetupLoadedEditorAssemblies (223ms)
			LogAssemblyErrors (0ms)
			InitializePlatformSupportModulesInManaged (9ms)
			SetLoadedEditorAssemblies (7ms)
			RefreshPlugins (0ms)
			BeforeProcessingInitializeOnLoad (2ms)
			ProcessInitializeOnLoadAttributes (153ms)
			ProcessInitializeOnLoadMethodAttributes (51ms)
			AfterProcessingInitializeOnLoad (0ms)
			EditorAssembliesLoaded (0ms)
		ExecutionOrderSort2 (0ms)
		AwakeInstancesAfterBackupRestoration (0ms)
========================================================================
Worker process is ready to serve import requests
Begin MonoManager ReloadAssembly
- Loaded All Assemblies, in  0.626 seconds
Refreshing native plugins compatible for Editor in 2.28 ms, found 3 plugins.
Native extension for WindowsStandalone target not found
Package Manager log level set to [2]
[Package Manager] Server::EnsureServerProcessIsRunning -- launch failed, reason: Unity was launched with the -noUpm command-line argument
[Package Manager] UpmClient::Send -- Unable to send message (not connected to UPM process).
[Package Manager] Cannot connect to Unity Package Manager local server
Mono: successfully reloaded assembly
- Finished resetting the current domain, in  0.663 seconds
Domain Reload Profiling: 1288ms
	BeginReloadAssembly (158ms)
		ExecutionOrderSort (0ms)
		DisableScriptedObjects (7ms)
		BackupInstance (0ms)
		ReleaseScriptingObjects (0ms)
		CreateAndSetChildDomain (24ms)
	RebuildCommonClasses (44ms)
	RebuildNativeTypeToScriptingClass (13ms)
	initialDomainReloadingComplete (42ms)
	LoadAllAssembliesAndSetupDomain (368ms)
		LoadAssemblies (258ms)
		RebuildTransferFunctionScriptingTraits (0ms)
		AnalyzeDomain (198ms)
			TypeCache.Refresh (166ms)
				TypeCache.ScanAssembly (150ms)
			ScanForSourceGeneratedMonoScriptInfo (22ms)
			ResolveRequiredComponents (9ms)
	FinalizeReload (663ms)
		ReleaseScriptCaches (0ms)
		RebuildScriptCaches (0ms)
		SetupLoadedEditorAssemblies (500ms)
			LogAssemblyErrors (0ms)
			InitializePlatformSupportModulesInManaged (7ms)
			SetLoadedEditorAssemblies (3ms)
			RefreshPlugins (0ms)
			BeforeProcessingInitializeOnLoad (67ms)
			ProcessInitializeOnLoadAttributes (347ms)
			ProcessInitializeOnLoadMethodAttributes (70ms)
			AfterProcessingInitializeOnLoad (6ms)
			EditorAssembliesLoaded (0ms)
		ExecutionOrderSort2 (0ms)
		AwakeInstancesAfterBackupRestoration (7ms)
Launched and connected shader compiler UnityShaderCompiler.exe after 0.07 seconds
Refreshing native plugins compatible for Editor in 2.99 ms, found 3 plugins.
Preloading 0 native plugins for Editor in 0.00 ms.
Unloading 4925 Unused Serialized files (Serialized files now loaded: 0)
Unloading 75 unused Assets / (0.8 MB). Loaded Objects now: 5371.
Memory consumption went from 201.8 MB to 201.1 MB.
Total: 6.691800 ms (FindLiveObjects: 0.756300 ms CreateObjectMapping: 0.192600 ms MarkObjects: 5.146700 ms  DeleteObjects: 0.594500 ms)

AssetImportParameters requested are different than current active one (requested -> active):
  custom:container-demuxer-ogg: 62fdf1f143b41e24485cea50d1cbac27 -> 
  custom:video-decoder-ogg-theora: a1e56fd34408186e4bbccfd4996cb3dc -> 
  custom:framework-win-MediaFoundation: 216162199b28c13a410421893ffa2e32 -> 
  custom:CustomObjectIndexerAttribute: 62b5816608c3102f162a1797e29626cf -> 
  custom:container-demuxer-webm: 4f35f7cbe854078d1ac9338744f61a02 -> 
  custom:container-muxer-webm: aa71ff27fc2769a1b78a27578f13a17b -> 
  custom:video-decoder-webm-vp8: 9c59270c3fd7afecdb556c50c9e8de78 -> 
  custom:SearchIndexIgnoredProperties: e643bd26f0fe6173181afceb89e7c659 -> 
  custom:AudioImporter_EditorPlatform: d09bf68614088b80899f8185d706f6e7 -> 
  custom:video-encoder-webm-vp8: eb34c28f22e8b96e1ab97ce403110664 -> 
  custom:audio-decoder-ogg-vorbis: bf7c407c2cedff20999df2af8eb42d56 -> 
  custom:audio-encoder-webm-vorbis: bf7c407c2cedff20999df2af8eb42d56 -> 
========================================================================
Received Import Request.
  Time since last request: 466889.000508 seconds.
  path: Assets/Jun_workspace
  artifactKey: Guid(5cd62f79704fc0a4d8e721d69824cf9b) Importer(815301076,1909f56bfc062723c751e8b465ee728b)
Start importing Assets/Jun_workspace using Guid(5cd62f79704fc0a4d8e721d69824cf9b) Importer(815301076,1909f56bfc062723c751e8b465ee728b)  -> (artifact id: 'e663ef53af37d03f4700b2c34985523c') in 0.002937 seconds
Number of updated asset objects reloaded before import = 0
Number of asset objects unloaded after import = 0
========================================================================
Received Import Request.
  Time since last request: 8.001665 seconds.
  path: Assets/Jun_workspace/Models
  artifactKey: Guid(1014d7dde491fd84096569ce35666280) Importer(815301076,1909f56bfc062723c751e8b465ee728b)
Start importing Assets/Jun_workspace/Models using Guid(1014d7dde491fd84096569ce35666280) Importer(815301076,1909f56bfc062723c751e8b465ee728b)  -> (artifact id: 'bb6b89ddd9d2eb4250b70045a4460601') in 0.000560 seconds
Number of updated asset objects reloaded before import = 0
Number of asset objects unloaded after import = 0
========================================================================
Received Import Request.
  Time since last request: 36.646633 seconds.
  path: Assets/Jun_workspace/Models/hall.blend
  artifactKey: Guid(b50b7a2b13aebb44b8ec698b37ea7134) Importer(815301076,1909f56bfc062723c751e8b465ee728b)
Start importing Assets/Jun_workspace/Models/hall.blend using Guid(b50b7a2b13aebb44b8ec698b37ea7134) Importer(815301076,1909f56bfc062723c751e8b465ee728b)  -> (artifact id: 'a48af6d4278f7b30a376b6696efe6f9a') in 1.478019 seconds
Number of updated asset objects reloaded before import = 0
Number of asset objects unloaded after import = 10
========================================================================
Received Import Request.
  Time since last request: 2058.532108 seconds.
  path: Assets/Jun_workspace/Models/hall.blend
  artifactKey: Guid(b50b7a2b13aebb44b8ec698b37ea7134) Importer(815301076,1909f56bfc062723c751e8b465ee728b)
Start importing Assets/Jun_workspace/Models/hall.blend using Guid(b50b7a2b13aebb44b8ec698b37ea7134) Importer(815301076,1909f56bfc062723c751e8b465ee728b)  -> (artifact id: '33b53e3d99953834d0233362beb0efbb') in 0.036659 seconds
Number of updated asset objects reloaded before import = 0
Number of asset objects unloaded after import = 9
========================================================================
Received Import Request.
  Time since last request: 10.198698 seconds.
  path: Assets/Jun_workspace/Scenes
  artifactKey: Guid(3fcffd22346994041902ac049f8ce2ac) Importer(815301076,1909f56bfc062723c751e8b465ee728b)
Start importing Assets/Jun_workspace/Scenes using Guid(3fcffd22346994041902ac049f8ce2ac) Importer(815301076,1909f56bfc062723c751e8b465ee728b)  -> (artifact id: '9006e6eaae2870c6b8fb9120ce13c10d') in 0.000838 seconds
Number of updated asset objects reloaded before import = 0
Number of asset objects unloaded after import = 0
========================================================================
Received Import Request.
  Time since last request: 11.472119 seconds.
  path: Assets/Jun_workspace/Scenes/Hall.unity
  artifactKey: Guid(b85e45e52be862a4f9e9a71397c01b99) Importer(815301076,1909f56bfc062723c751e8b465ee728b)
Start importing Assets/Jun_workspace/Scenes/Hall.unity using Guid(b85e45e52be862a4f9e9a71397c01b99) Importer(815301076,1909f56bfc062723c751e8b465ee728b)  -> (artifact id: 'e871e6c735c7df780bd9e06dd2488135') in 0.000681 seconds
Number of updated asset objects reloaded before import = 0
Number of asset objects unloaded after import = 0
========================================================================
Received Import Request.
  Time since last request: 8.818892 seconds.
  path: Assets/Scenes/AnomalyTestScene.unity
  artifactKey: Guid(30ee73bf1f2d9491396eba19224da179) Importer(815301076,1909f56bfc062723c751e8b465ee728b)
Start importing Assets/Scenes/AnomalyTestScene.unity using Guid(30ee73bf1f2d9491396eba19224da179) Importer(815301076,1909f56bfc062723c751e8b465ee728b)  -> (artifact id: 'ef393fff1e6f24b58d54f5973313f548') in 0.000683 seconds
Number of updated asset objects reloaded before import = 0
Number of asset objects unloaded after import = 0
========================================================================
Received Import Request.
  Time since last request: 0.312271 seconds.
  path: Assets/Scenes/SampleScene.unity
  artifactKey: Guid(99c9720ab356a0642a771bea13969a05) Importer(815301076,1909f56bfc062723c751e8b465ee728b)
Start importing Assets/Scenes/SampleScene.unity using Guid(99c9720ab356a0642a771bea13969a05) Importer(815301076,1909f56bfc062723c751e8b465ee728b)  -> (artifact id: '6d2cad4e6851a899a32d126edbd7fe71') in 0.000653 seconds
Number of updated asset objects reloaded before import = 0
Number of asset objects unloaded after import = 0
========================================================================
Received Import Request.
  Time since last request: 6.949150 seconds.
  path: Assets/Jun_workspace/Scenes/SampleScene.unity
  artifactKey: Guid(012197ffe2100404188637cd8f529913) Importer(815301076,1909f56bfc062723c751e8b465ee728b)
Start importing Assets/Jun_workspace/Scenes/SampleScene.unity using Guid(012197ffe2100404188637cd8f529913) Importer(815301076,1909f56bfc062723c751e8b465ee728b)  -> (artifact id: '27b94c681e6e3d01f95156c9220348ff') in 0.000651 seconds
Number of updated asset objects reloaded before import = 0
Number of asset objects unloaded after import = 0
========================================================================
Received Import Request.
  Time since last request: 3.960024 seconds.
  path: Assets/Jun_workspace/Scenes/Hall.unity
  artifactKey: Guid(012197ffe2100404188637cd8f529913) Importer(815301076,1909f56bfc062723c751e8b465ee728b)
Start importing Assets/Jun_workspace/Scenes/Hall.unity using Guid(012197ffe2100404188637cd8f529913) Importer(815301076,1909f56bfc062723c751e8b465ee728b)  -> (artifact id: '2178358f18576d65495c5a0b0cc6d7d8') in 0.000611 seconds
Number of updated asset objects reloaded before import = 0
Number of asset objects unloaded after import = 0
========================================================================
Received Import Request.
  Time since last request: 15.646476 seconds.
  path: Assets/Jun_workspace/Textures/hall
  artifactKey: Guid(034bbaa30d6cc554a8e2f17491e220a3) Importer(815301076,1909f56bfc062723c751e8b465ee728b)
Start importing Assets/Jun_workspace/Textures/hall using Guid(034bbaa30d6cc554a8e2f17491e220a3) Importer(815301076,1909f56bfc062723c751e8b465ee728b)  -> (artifact id: '72a52c03c17a3594bd98773552fa6080') in 0.000708 seconds
Number of updated asset objects reloaded before import = 0
Number of asset objects unloaded after import = 0
========================================================================
Received Import Request.
  Time since last request: 0.058110 seconds.
  path: Assets/Jun_workspace/Textures/hall/hall_Hallway_AlbedoTransparency.png
  artifactKey: Guid(a0d922a057254f14fa8a34b4cd6c347e) Importer(815301076,1909f56bfc062723c751e8b465ee728b)
Start importing Assets/Jun_workspace/Textures/hall/hall_Hallway_AlbedoTransparency.png using Guid(a0d922a057254f14fa8a34b4cd6c347e) Importer(815301076,1909f56bfc062723c751e8b465ee728b)  -> (artifact id: '8752b6f281e691c609cd1a18f7f8a117') in 0.035642 seconds
Number of updated asset objects reloaded before import = 0
Number of asset objects unloaded after import = 2
========================================================================
Received Import Request.
  Time since last request: 72.708240 seconds.
  path: Assets/Jun_workspace/Textures/hall/hall_Hallway_AlbedoTransparency.png
  artifactKey: Guid(a0d922a057254f14fa8a34b4cd6c347e) Importer(815301076,1909f56bfc062723c751e8b465ee728b)
Start importing Assets/Jun_workspace/Textures/hall/hall_Hallway_AlbedoTransparency.png using Guid(a0d922a057254f14fa8a34b4cd6c347e) Importer(815301076,1909f56bfc062723c751e8b465ee728b)  -> (artifact id: 'cd125ef81ad3881fd660b499d6267bac') in 0.024562 seconds
Number of updated asset objects reloaded before import = 0
Number of asset objects unloaded after import = 2
========================================================================
Received Import Request.
  Time since last request: 100.978402 seconds.
  path: Assets/Jun_workspace/Textures/hall/hall_Hallway_AlbedoTransparency.png
  artifactKey: Guid(a0d922a057254f14fa8a34b4cd6c347e) Importer(815301076,1909f56bfc062723c751e8b465ee728b)
Start importing Assets/Jun_workspace/Textures/hall/hall_Hallway_AlbedoTransparency.png using Guid(a0d922a057254f14fa8a34b4cd6c347e) Importer(815301076,1909f56bfc062723c751e8b465ee728b)  -> (artifact id: 'c22eac9bf7ae9c7553d3ee08c4c99b1b') in 0.023200 seconds
Number of updated asset objects reloaded before import = 0
Number of asset objects unloaded after import = 2
========================================================================
Received Import Request.
  Time since last request: 0.000031 seconds.
  path: Assets/Jun_workspace/Textures/hall/hall_Hallway_Normal.png
  artifactKey: Guid(68f3f7ae96f711a4d9ee7e23b1b0d7fe) Importer(815301076,1909f56bfc062723c751e8b465ee728b)
Start importing Assets/Jun_workspace/Textures/hall/hall_Hallway_Normal.png using Guid(68f3f7ae96f711a4d9ee7e23b1b0d7fe) Importer(815301076,1909f56bfc062723c751e8b465ee728b)  -> (artifact id: '33d85a022ea3e3e2a040acd8ea6ad47b') in 0.020729 seconds
Number of updated asset objects reloaded before import = 0
Number of asset objects unloaded after import = 2
========================================================================
Received Import Request.
  Time since last request: 24.143023 seconds.
  path: Assets/Jun_workspace/Textures/hall/hall_Hallway_Normal.png
  artifactKey: Guid(68f3f7ae96f711a4d9ee7e23b1b0d7fe) Importer(815301076,1909f56bfc062723c751e8b465ee728b)
Start importing Assets/Jun_workspace/Textures/hall/hall_Hallway_Normal.png using Guid(68f3f7ae96f711a4d9ee7e23b1b0d7fe) Importer(815301076,1909f56bfc062723c751e8b465ee728b)  -> (artifact id: '8b7775e06026207eeaa827f102a08135') in 0.024266 seconds
Number of updated asset objects reloaded before import = 0
Number of asset objects unloaded after import = 2
========================================================================
Received Import Request.
  Time since last request: 56.830159 seconds.
  path: Assets/Jun_workspace/Textures/hall/hall_Hallway_AlbedoTransparency.png
  artifactKey: Guid(a0d922a057254f14fa8a34b4cd6c347e) Importer(815301076,1909f56bfc062723c751e8b465ee728b)
Start importing Assets/Jun_workspace/Textures/hall/hall_Hallway_AlbedoTransparency.png using Guid(a0d922a057254f14fa8a34b4cd6c347e) Importer(815301076,1909f56bfc062723c751e8b465ee728b)  -> (artifact id: '120cc1e1b0a381b1225eeb4df80fd977') in 0.021394 seconds
Number of updated asset objects reloaded before import = 0
Number of asset objects unloaded after import = 2
========================================================================
Received Import Request.
  Time since last request: 0.000031 seconds.
  path: Assets/Jun_workspace/Textures/hall/hall_Hallway_Normal.png
  artifactKey: Guid(68f3f7ae96f711a4d9ee7e23b1b0d7fe) Importer(815301076,1909f56bfc062723c751e8b465ee728b)
Start importing Assets/Jun_workspace/Textures/hall/hall_Hallway_Normal.png using Guid(68f3f7ae96f711a4d9ee7e23b1b0d7fe) Importer(815301076,1909f56bfc062723c751e8b465ee728b)  -> (artifact id: 'f5740136bc11edcca3aafce407205094') in 0.020502 seconds
Number of updated asset objects reloaded before import = 0
Number of asset objects unloaded after import = 2
========================================================================
Received Prepare
Begin MonoManager ReloadAssembly
- Loaded All Assemblies, in  0.685 seconds
Refreshing native plugins compatible for Editor in 2.07 ms, found 3 plugins.
Native extension for WindowsStandalone target not found
[Package Manager] Server::EnsureServerProcessIsRunning -- launch failed, reason: Unity was launched with the -noUpm command-line argument
[Package Manager] UpmClient::Send -- Unable to send message (not connected to UPM process).
[Package Manager] Cannot connect to Unity Package Manager local server
[ScriptCompilation] NOT recompiling all scripts because this is an import worker process. Reason to compile was: Define symbols changed
CreateSerializedAsset is not supported while importing out-of-process
UnityEngine.StackTraceUtility:ExtractStackTrace ()
InfinityCode.UltimateEditorEnhancer.LocalSettings:Load () (at Assets/Plugins/Infinity Code/Ultimate Editor Enhancer/Scripts/Editor/Managers/LocalSettings.cs:123)
InfinityCode.UltimateEditorEnhancer.LocalSettings:get_instance () (at Assets/Plugins/Infinity Code/Ultimate Editor Enhancer/Scripts/Editor/Managers/LocalSettings.cs:69)
InfinityCode.UltimateEditorEnhancer.LocalSettings:get_upgradeID () (at Assets/Plugins/Infinity Code/Ultimate Editor Enhancer/Scripts/Editor/Managers/LocalSettings.cs:87)
InfinityCode.UltimateEditorEnhancer.RecordUpgrader:.cctor () (at Assets/Plugins/Infinity Code/Ultimate Editor Enhancer/Scripts/Editor/Helpers/RecordUpgrader.cs:30)
System.Runtime.CompilerServices.RuntimeHelpers:RunClassConstructor (System.RuntimeTypeHandle)
UnityEditor.EditorAssemblies:ProcessInitializeOnLoadAttributes (System.Type[])

[Assets/Plugins/Infinity Code/Ultimate Editor Enhancer/Scripts/Editor/Managers/LocalSettings.cs line 123]

UnityException: Creating asset at path Assets\Plugins\Infinity Code/Ultimate Editor Enhancer Settings/LocalSettings.asset failed.
  at (wrapper managed-to-native) UnityEditor.AssetDatabase.CreateAsset(UnityEngine.Object,string)
  at InfinityCode.UltimateEditorEnhancer.LocalSettings.Load () [0x00062] in E:\github\LethalCookieRoom\LethalCookieRoom\Assets\Plugins\Infinity Code\Ultimate Editor Enhancer\Scripts\Editor\Managers\LocalSettings.cs:123 
UnityEngine.DebugLogHandler:Internal_LogException(Exception, Object)
UnityEngine.DebugLogHandler:LogException(Exception, Object)
UnityEngine.Logger:LogException(Exception, Object)
UnityEngine.Debug:LogException(Exception)
InfinityCode.UltimateEditorEnhancer.Log:Add(Exception) (at Assets\Plugins\Infinity Code\Ultimate Editor Enhancer\Scripts\Editor\Core\Log.cs:13)
InfinityCode.UltimateEditorEnhancer.LocalSettings:Load() (at Assets\Plugins\Infinity Code\Ultimate Editor Enhancer\Scripts\Editor\Managers\LocalSettings.cs:130)
InfinityCode.UltimateEditorEnhancer.LocalSettings:get_instance() (at Assets\Plugins\Infinity Code\Ultimate Editor Enhancer\Scripts\Editor\Managers\LocalSettings.cs:69)
InfinityCode.UltimateEditorEnhancer.LocalSettings:get_upgradeID() (at Assets\Plugins\Infinity Code\Ultimate Editor Enhancer\Scripts\Editor\Managers\LocalSettings.cs:87)
InfinityCode.UltimateEditorEnhancer.RecordUpgrader:.cctor() (at Assets\Plugins\Infinity Code\Ultimate Editor Enhancer\Scripts\Editor\Helpers\RecordUpgrader.cs:30)
System.Runtime.CompilerServices.RuntimeHelpers:RunClassConstructor(IntPtr)
System.Runtime.CompilerServices.RuntimeHelpers:RunClassConstructor(RuntimeTypeHandle)
UnityEditor.EditorAssemblies:ProcessInitializeOnLoadAttributes(Type[])

(Filename: Assets/Plugins/Infinity Code/Ultimate Editor Enhancer/Scripts/Editor/Core/Log.cs Line: 13)

CreateSerializedAsset is not supported while importing out-of-process
UnityEngine.StackTraceUtility:ExtractStackTrace ()
InfinityCode.UltimateEditorEnhancer.ReferenceManager:Load () (at Assets/Plugins/Infinity Code/Ultimate Editor Enhancer/Scripts/Editor/Managers/ReferenceManager.cs:140)
InfinityCode.UltimateEditorEnhancer.ReferenceManager:get_instance () (at Assets/Plugins/Infinity Code/Ultimate Editor Enhancer/Scripts/Editor/Managers/ReferenceManager.cs:58)
InfinityCode.UltimateEditorEnhancer.ReferenceManager:get_quickAccessItems () (at Assets/Plugins/Infinity Code/Ultimate Editor Enhancer/Scripts/Editor/Managers/ReferenceManager.cs:100)
InfinityCode.UltimateEditorEnhancer.RecordUpgrader:InitDefaultQuickAccessItems () (at Assets/Plugins/Infinity Code/Ultimate Editor Enhancer/Scripts/Editor/Helpers/RecordUpgrader.cs:175)
InfinityCode.UltimateEditorEnhancer.RecordUpgrader:.cctor () (at Assets/Plugins/Infinity Code/Ultimate Editor Enhancer/Scripts/Editor/Helpers/RecordUpgrader.cs:31)
System.Runtime.CompilerServices.RuntimeHelpers:RunClassConstructor (System.RuntimeTypeHandle)
UnityEditor.EditorAssemblies:ProcessInitializeOnLoadAttributes (System.Type[])

[Assets/Plugins/Infinity Code/Ultimate Editor Enhancer/Scripts/Editor/Managers/ReferenceManager.cs line 140]

UnityException: Creating asset at path Assets\Plugins\Infinity Code/Ultimate Editor Enhancer Settings/References.asset failed.
  at (wrapper managed-to-native) UnityEditor.AssetDatabase.CreateAsset(UnityEngine.Object,string)
  at InfinityCode.UltimateEditorEnhancer.ReferenceManager.Load () [0x00062] in E:\github\LethalCookieRoom\LethalCookieRoom\Assets\Plugins\Infinity Code\Ultimate Editor Enhancer\Scripts\Editor\Managers\ReferenceManager.cs:140 
UnityEngine.DebugLogHandler:Internal_LogException(Exception, Object)
UnityEngine.DebugLogHandler:LogException(Exception, Object)
UnityEngine.Logger:LogException(Exception, Object)
UnityEngine.Debug:LogException(Exception)
InfinityCode.UltimateEditorEnhancer.Log:Add(Exception) (at Assets\Plugins\Infinity Code\Ultimate Editor Enhancer\Scripts\Editor\Core\Log.cs:13)
InfinityCode.UltimateEditorEnhancer.ReferenceManager:Load() (at Assets\Plugins\Infinity Code\Ultimate Editor Enhancer\Scripts\Editor\Managers\ReferenceManager.cs:147)
InfinityCode.UltimateEditorEnhancer.ReferenceManager:get_instance() (at Assets\Plugins\Infinity Code\Ultimate Editor Enhancer\Scripts\Editor\Managers\ReferenceManager.cs:58)
InfinityCode.UltimateEditorEnhancer.ReferenceManager:get_quickAccessItems() (at Assets\Plugins\Infinity Code\Ultimate Editor Enhancer\Scripts\Editor\Managers\ReferenceManager.cs:100)
InfinityCode.UltimateEditorEnhancer.RecordUpgrader:InitDefaultQuickAccessItems() (at Assets\Plugins\Infinity Code\Ultimate Editor Enhancer\Scripts\Editor\Helpers\RecordUpgrader.cs:175)
InfinityCode.UltimateEditorEnhancer.RecordUpgrader:.cctor() (at Assets\Plugins\Infinity Code\Ultimate Editor Enhancer\Scripts\Editor\Helpers\RecordUpgrader.cs:31)
System.Runtime.CompilerServices.RuntimeHelpers:RunClassConstructor(IntPtr)
System.Runtime.CompilerServices.RuntimeHelpers:RunClassConstructor(RuntimeTypeHandle)
UnityEditor.EditorAssemblies:ProcessInitializeOnLoadAttributes(Type[])

(Filename: Assets/Plugins/Infinity Code/Ultimate Editor Enhancer/Scripts/Editor/Core/Log.cs Line: 13)

Mono: successfully reloaded assembly
- Finished resetting the current domain, in  7.076 seconds
Domain Reload Profiling: 7761ms
	BeginReloadAssembly (200ms)
		ExecutionOrderSort (0ms)
		DisableScriptedObjects (10ms)
		BackupInstance (0ms)
		ReleaseScriptingObjects (0ms)
		CreateAndSetChildDomain (53ms)
	RebuildCommonClasses (43ms)
	RebuildNativeTypeToScriptingClass (18ms)
	initialDomainReloadingComplete (31ms)
	LoadAllAssembliesAndSetupDomain (391ms)
		LoadAssemblies (330ms)
		RebuildTransferFunctionScriptingTraits (0ms)
		AnalyzeDomain (162ms)
			TypeCache.Refresh (129ms)
				TypeCache.ScanAssembly (114ms)
			ScanForSourceGeneratedMonoScriptInfo (20ms)
			ResolveRequiredComponents (11ms)
	FinalizeReload (7078ms)
		ReleaseScriptCaches (0ms)
		RebuildScriptCaches (0ms)
		SetupLoadedEditorAssemblies (5973ms)
			LogAssemblyErrors (0ms)
			InitializePlatformSupportModulesInManaged (20ms)
			SetLoadedEditorAssemblies (5ms)
			RefreshPlugins (0ms)
			BeforeProcessingInitializeOnLoad (119ms)
			ProcessInitializeOnLoadAttributes (702ms)
			ProcessInitializeOnLoadMethodAttributes (5108ms)
			AfterProcessingInitializeOnLoad (19ms)
			EditorAssembliesLoaded (0ms)
		ExecutionOrderSort2 (0ms)
		AwakeInstancesAfterBackupRestoration (449ms)
Refreshing native plugins compatible for Editor in 3.86 ms, found 3 plugins.
Preloading 0 native plugins for Editor in 0.00 ms.
Unloading 5246 Unused Serialized files (Serialized files now loaded: 0)
Unloading 54 unused Assets / (0.8 MB). Loaded Objects now: 5924.
Memory consumption went from 197.8 MB to 197.0 MB.
Total: 178.477800 ms (FindLiveObjects: 3.279400 ms CreateObjectMapping: 0.587200 ms MarkObjects: 173.935900 ms  DeleteObjects: 0.672200 ms)

Prepare: number of updated asset objects reloaded= 0
AssetImportParameters requested are different than current active one (requested -> active):
  custom:container-demuxer-ogg: 62fdf1f143b41e24485cea50d1cbac27 -> 
  custom:video-decoder-ogg-theora: a1e56fd34408186e4bbccfd4996cb3dc -> 
  custom:framework-win-MediaFoundation: 216162199b28c13a410421893ffa2e32 -> 
  custom:CustomObjectIndexerAttribute: 62b5816608c3102f162a1797e29626cf -> 
  custom:container-demuxer-webm: 4f35f7cbe854078d1ac9338744f61a02 -> 
  custom:container-muxer-webm: aa71ff27fc2769a1b78a27578f13a17b -> 
  custom:video-decoder-webm-vp8: 9c59270c3fd7afecdb556c50c9e8de78 -> 
  custom:SearchIndexIgnoredProperties: e643bd26f0fe6173181afceb89e7c659 -> 
  custom:AudioImporter_EditorPlatform: d09bf68614088b80899f8185d706f6e7 -> 
  custom:video-encoder-webm-vp8: eb34c28f22e8b96e1ab97ce403110664 -> 
  custom:audio-decoder-ogg-vorbis: bf7c407c2cedff20999df2af8eb42d56 -> 
  custom:audio-encoder-webm-vorbis: bf7c407c2cedff20999df2af8eb42d56 -> 
========================================================================
Received Prepare
Begin MonoManager ReloadAssembly
- Loaded All Assemblies, in  0.652 seconds
Refreshing native plugins compatible for Editor in 3.39 ms, found 3 plugins.
Native extension for WindowsStandalone target not found
[Package Manager] Server::EnsureServerProcessIsRunning -- launch failed, reason: Unity was launched with the -noUpm command-line argument
[Package Manager] UpmClient::Send -- Unable to send message (not connected to UPM process).
[Package Manager] Cannot connect to Unity Package Manager local server
[ScriptCompilation] NOT recompiling all scripts because this is an import worker process. Reason to compile was: Define symbols changed
Mono: successfully reloaded assembly
- Finished resetting the current domain, in  1.670 seconds
Domain Reload Profiling: 2320ms
	BeginReloadAssembly (193ms)
		ExecutionOrderSort (0ms)
		DisableScriptedObjects (6ms)
		BackupInstance (0ms)
		ReleaseScriptingObjects (0ms)
		CreateAndSetChildDomain (55ms)
	RebuildCommonClasses (41ms)
	RebuildNativeTypeToScriptingClass (14ms)
	initialDomainReloadingComplete (32ms)
	LoadAllAssembliesAndSetupDomain (370ms)
		LoadAssemblies (299ms)
		RebuildTransferFunctionScriptingTraits (0ms)
		AnalyzeDomain (170ms)
			TypeCache.Refresh (134ms)
				TypeCache.ScanAssembly (119ms)
			ScanForSourceGeneratedMonoScriptInfo (26ms)
			ResolveRequiredComponents (9ms)
	FinalizeReload (1671ms)
		ReleaseScriptCaches (0ms)
		RebuildScriptCaches (0ms)
		SetupLoadedEditorAssemblies (1033ms)
			LogAssemblyErrors (0ms)
			InitializePlatformSupportModulesInManaged (8ms)
			SetLoadedEditorAssemblies (5ms)
			RefreshPlugins (0ms)
			BeforeProcessingInitializeOnLoad (82ms)
			ProcessInitializeOnLoadAttributes (431ms)
			ProcessInitializeOnLoadMethodAttributes (501ms)
			AfterProcessingInitializeOnLoad (6ms)
			EditorAssembliesLoaded (0ms)
		ExecutionOrderSort2 (0ms)
		AwakeInstancesAfterBackupRestoration (21ms)
Refreshing native plugins compatible for Editor in 3.46 ms, found 3 plugins.
Preloading 0 native plugins for Editor in 0.00 ms.
Unloading 5246 Unused Serialized files (Serialized files now loaded: 0)
Unloading 55 unused Assets / (0.8 MB). Loaded Objects now: 5930.
Memory consumption went from 199.8 MB to 198.9 MB.
Total: 9.292900 ms (FindLiveObjects: 0.611000 ms CreateObjectMapping: 0.194800 ms MarkObjects: 7.112100 ms  DeleteObjects: 1.373500 ms)

Prepare: number of updated asset objects reloaded= 0
AssetImportParameters requested are different than current active one (requested -> active):
  custom:container-demuxer-ogg: 62fdf1f143b41e24485cea50d1cbac27 -> 
  custom:video-decoder-ogg-theora: a1e56fd34408186e4bbccfd4996cb3dc -> 
  custom:framework-win-MediaFoundation: 216162199b28c13a410421893ffa2e32 -> 
  custom:CustomObjectIndexerAttribute: 62b5816608c3102f162a1797e29626cf -> 
  custom:container-demuxer-webm: 4f35f7cbe854078d1ac9338744f61a02 -> 
  custom:container-muxer-webm: aa71ff27fc2769a1b78a27578f13a17b -> 
  custom:video-decoder-webm-vp8: 9c59270c3fd7afecdb556c50c9e8de78 -> 
  custom:SearchIndexIgnoredProperties: e643bd26f0fe6173181afceb89e7c659 -> 
  custom:AudioImporter_EditorPlatform: d09bf68614088b80899f8185d706f6e7 -> 
  custom:video-encoder-webm-vp8: eb34c28f22e8b96e1ab97ce403110664 -> 
  custom:audio-decoder-ogg-vorbis: bf7c407c2cedff20999df2af8eb42d56 -> 
  custom:audio-encoder-webm-vorbis: bf7c407c2cedff20999df2af8eb42d56 -> 
========================================================================
Received Prepare
Begin MonoManager ReloadAssembly
- Loaded All Assemblies, in  0.647 seconds
Refreshing native plugins compatible for Editor in 7.48 ms, found 29 plugins.
Native extension for WindowsStandalone target not found
[Package Manager] Server::EnsureServerProcessIsRunning -- launch failed, reason: Unity was launched with the -noUpm command-line argument
[Package Manager] UpmClient::Send -- Unable to send message (not connected to UPM process).
[Package Manager] Cannot connect to Unity Package Manager local server
[ScriptCompilation] NOT recompiling all scripts because this is an import worker process. Reason to compile was: Define symbols changed
Mono: successfully reloaded assembly
- Finished resetting the current domain, in  3.852 seconds
Domain Reload Profiling: 4506ms
	BeginReloadAssembly (232ms)
		ExecutionOrderSort (0ms)
		DisableScriptedObjects (6ms)
		BackupInstance (0ms)
		ReleaseScriptingObjects (0ms)
		CreateAndSetChildDomain (76ms)
	RebuildCommonClasses (56ms)
	RebuildNativeTypeToScriptingClass (18ms)
	initialDomainReloadingComplete (34ms)
	LoadAllAssembliesAndSetupDomain (305ms)
		LoadAssemblies (354ms)
		RebuildTransferFunctionScriptingTraits (0ms)
		AnalyzeDomain (55ms)
			TypeCache.Refresh (13ms)
				TypeCache.ScanAssembly (3ms)
			ScanForSourceGeneratedMonoScriptInfo (31ms)
			ResolveRequiredComponents (10ms)
	FinalizeReload (3861ms)
		ReleaseScriptCaches (0ms)
		RebuildScriptCaches (0ms)
		SetupLoadedEditorAssemblies (3065ms)
			LogAssemblyErrors (0ms)
			InitializePlatformSupportModulesInManaged (5ms)
			SetLoadedEditorAssemblies (3ms)
			RefreshPlugins (0ms)
			BeforeProcessingInitializeOnLoad (142ms)
			ProcessInitializeOnLoadAttributes (722ms)
			ProcessInitializeOnLoadMethodAttributes (2163ms)
			AfterProcessingInitializeOnLoad (30ms)
			EditorAssembliesLoaded (0ms)
		ExecutionOrderSort2 (0ms)
		AwakeInstancesAfterBackupRestoration (31ms)
Shader 'Hidden/ftUnlitTerrain': dependency 'BaseMapShader' shader 'Hidden/ftUnlitTerrain' not found
Refreshing native plugins compatible for Editor in 7.41 ms, found 29 plugins.
Preloading 0 native plugins for Editor in 0.00 ms.
Unloading 5360 Unused Serialized files (Serialized files now loaded: 0)
Unloading 111 unused Assets / (2.9 MB). Loaded Objects now: 5995.
Memory consumption went from 212.3 MB to 209.3 MB.
Total: 390.578400 ms (FindLiveObjects: 1.620300 ms CreateObjectMapping: 2.459600 ms MarkObjects: 382.412300 ms  DeleteObjects: 4.084000 ms)

Prepare: number of updated asset objects reloaded= 2
AssetImportParameters requested are different than current active one (requested -> active):
  custom:container-demuxer-ogg: 62fdf1f143b41e24485cea50d1cbac27 -> 
  custom:video-decoder-ogg-theora: a1e56fd34408186e4bbccfd4996cb3dc -> 
  custom:framework-win-MediaFoundation: 216162199b28c13a410421893ffa2e32 -> 
  custom:CustomObjectIndexerAttribute: 62b5816608c3102f162a1797e29626cf -> 
  custom:container-demuxer-webm: 4f35f7cbe854078d1ac9338744f61a02 -> 
  custom:container-muxer-webm: aa71ff27fc2769a1b78a27578f13a17b -> 
  custom:video-decoder-webm-vp8: 9c59270c3fd7afecdb556c50c9e8de78 -> 
  custom:SearchIndexIgnoredProperties: e643bd26f0fe6173181afceb89e7c659 -> 
  custom:AudioImporter_EditorPlatform: d09bf68614088b80899f8185d706f6e7 -> 
  custom:video-encoder-webm-vp8: eb34c28f22e8b96e1ab97ce403110664 -> 
  custom:audio-decoder-ogg-vorbis: bf7c407c2cedff20999df2af8eb42d56 -> 
  custom:audio-encoder-webm-vorbis: bf7c407c2cedff20999df2af8eb42d56 -> 
========================================================================
Received Prepare
Begin MonoManager ReloadAssembly
- Loaded All Assemblies, in  0.678 seconds
Refreshing native plugins compatible for Editor in 8.88 ms, found 29 plugins.
Native extension for WindowsStandalone target not found
[Package Manager] Server::EnsureServerProcessIsRunning -- launch failed, reason: Unity was launched with the -noUpm command-line argument
[Package Manager] UpmClient::Send -- Unable to send message (not connected to UPM process).
[Package Manager] Cannot connect to Unity Package Manager local server
[ScriptCompilation] NOT recompiling all scripts because this is an import worker process. Reason to compile was: Define symbols changed
Mono: successfully reloaded assembly
- Finished resetting the current domain, in  1.725 seconds
Domain Reload Profiling: 2401ms
	BeginReloadAssembly (187ms)
		ExecutionOrderSort (0ms)
		DisableScriptedObjects (5ms)
		BackupInstance (0ms)
		ReleaseScriptingObjects (0ms)
		CreateAndSetChildDomain (57ms)
	RebuildCommonClasses (39ms)
	RebuildNativeTypeToScriptingClass (13ms)
	initialDomainReloadingComplete (33ms)
	LoadAllAssembliesAndSetupDomain (405ms)
		LoadAssemblies (291ms)
		RebuildTransferFunctionScriptingTraits (0ms)
		AnalyzeDomain (204ms)
			TypeCache.Refresh (162ms)
				TypeCache.ScanAssembly (145ms)
			ScanForSourceGeneratedMonoScriptInfo (29ms)
			ResolveRequiredComponents (12ms)
	FinalizeReload (1725ms)
		ReleaseScriptCaches (0ms)
		RebuildScriptCaches (0ms)
		SetupLoadedEditorAssemblies (1068ms)
			LogAssemblyErrors (0ms)
			InitializePlatformSupportModulesInManaged (6ms)
			SetLoadedEditorAssemblies (4ms)
			RefreshPlugins (0ms)
			BeforeProcessingInitializeOnLoad (82ms)
			ProcessInitializeOnLoadAttributes (440ms)
			ProcessInitializeOnLoadMethodAttributes (525ms)
			AfterProcessingInitializeOnLoad (9ms)
			EditorAssembliesLoaded (0ms)
		ExecutionOrderSort2 (0ms)
		AwakeInstancesAfterBackupRestoration (24ms)
Refreshing native plugins compatible for Editor in 7.69 ms, found 29 plugins.
Preloading 0 native plugins for Editor in 0.00 ms.
Unloading 5360 Unused Serialized files (Serialized files now loaded: 0)
Unloading 113 unused Assets / (2.9 MB). Loaded Objects now: 5998.
Memory consumption went from 214.1 MB to 211.2 MB.
Total: 11.567800 ms (FindLiveObjects: 0.846400 ms CreateObjectMapping: 0.244000 ms MarkObjects: 6.546000 ms  DeleteObjects: 3.929300 ms)

Prepare: number of updated asset objects reloaded= 0
AssetImportParameters requested are different than current active one (requested -> active):
  custom:container-demuxer-ogg: 62fdf1f143b41e24485cea50d1cbac27 -> 
  custom:video-decoder-ogg-theora: a1e56fd34408186e4bbccfd4996cb3dc -> 
  custom:framework-win-MediaFoundation: 216162199b28c13a410421893ffa2e32 -> 
  custom:CustomObjectIndexerAttribute: 62b5816608c3102f162a1797e29626cf -> 
  custom:container-demuxer-webm: 4f35f7cbe854078d1ac9338744f61a02 -> 
  custom:container-muxer-webm: aa71ff27fc2769a1b78a27578f13a17b -> 
  custom:video-decoder-webm-vp8: 9c59270c3fd7afecdb556c50c9e8de78 -> 
  custom:SearchIndexIgnoredProperties: e643bd26f0fe6173181afceb89e7c659 -> 
  custom:AudioImporter_EditorPlatform: d09bf68614088b80899f8185d706f6e7 -> 
  custom:video-encoder-webm-vp8: eb34c28f22e8b96e1ab97ce403110664 -> 
  custom:audio-decoder-ogg-vorbis: bf7c407c2cedff20999df2af8eb42d56 -> 
  custom:audio-encoder-webm-vorbis: bf7c407c2cedff20999df2af8eb42d56 -> 
========================================================================
Received Prepare
Begin MonoManager ReloadAssembly
- Loaded All Assemblies, in  0.503 seconds
Refreshing native plugins compatible for Editor in 7.55 ms, found 29 plugins.
Native extension for WindowsStandalone target not found
[Package Manager] Server::EnsureServerProcessIsRunning -- launch failed, reason: Unity was launched with the -noUpm command-line argument
[Package Manager] UpmClient::Send -- Unable to send message (not connected to UPM process).
[Package Manager] Cannot connect to Unity Package Manager local server
Mono: successfully reloaded assembly
- Finished resetting the current domain, in  1.642 seconds
Domain Reload Profiling: 2142ms
	BeginReloadAssembly (179ms)
		ExecutionOrderSort (0ms)
		DisableScriptedObjects (4ms)
		BackupInstance (0ms)
		ReleaseScriptingObjects (0ms)
		CreateAndSetChildDomain (53ms)
	RebuildCommonClasses (40ms)
	RebuildNativeTypeToScriptingClass (13ms)
	initialDomainReloadingComplete (35ms)
	LoadAllAssembliesAndSetupDomain (232ms)
		LoadAssemblies (265ms)
		RebuildTransferFunctionScriptingTraits (0ms)
		AnalyzeDomain (56ms)
			TypeCache.Refresh (11ms)
				TypeCache.ScanAssembly (2ms)
			ScanForSourceGeneratedMonoScriptInfo (32ms)
			ResolveRequiredComponents (11ms)
	FinalizeReload (1642ms)
		ReleaseScriptCaches (0ms)
		RebuildScriptCaches (0ms)
		SetupLoadedEditorAssemblies (963ms)
			LogAssemblyErrors (0ms)
			InitializePlatformSupportModulesInManaged (5ms)
			SetLoadedEditorAssemblies (3ms)
			RefreshPlugins (0ms)
			BeforeProcessingInitializeOnLoad (83ms)
			ProcessInitializeOnLoadAttributes (405ms)
			ProcessInitializeOnLoadMethodAttributes (462ms)
			AfterProcessingInitializeOnLoad (6ms)
			EditorAssembliesLoaded (0ms)
		ExecutionOrderSort2 (0ms)
		AwakeInstancesAfterBackupRestoration (20ms)
Refreshing native plugins compatible for Editor in 7.88 ms, found 29 plugins.
Preloading 0 native plugins for Editor in 0.00 ms.
Unloading 5362 Unused Serialized files (Serialized files now loaded: 0)
Unloading 113 unused Assets / (3.2 MB). Loaded Objects now: 6003.
Memory consumption went from 216.8 MB to 213.6 MB.
Total: 9.267500 ms (FindLiveObjects: 0.957000 ms CreateObjectMapping: 0.256200 ms MarkObjects: 5.306500 ms  DeleteObjects: 2.746100 ms)

Prepare: number of updated asset objects reloaded= 0
AssetImportParameters requested are different than current active one (requested -> active):
  custom:container-demuxer-ogg: 62fdf1f143b41e24485cea50d1cbac27 -> 
  custom:video-decoder-ogg-theora: a1e56fd34408186e4bbccfd4996cb3dc -> 
  custom:framework-win-MediaFoundation: 216162199b28c13a410421893ffa2e32 -> 
  custom:CustomObjectIndexerAttribute: 62b5816608c3102f162a1797e29626cf -> 
  custom:container-demuxer-webm: 4f35f7cbe854078d1ac9338744f61a02 -> 
  custom:container-muxer-webm: aa71ff27fc2769a1b78a27578f13a17b -> 
  custom:video-decoder-webm-vp8: 9c59270c3fd7afecdb556c50c9e8de78 -> 
  custom:SearchIndexIgnoredProperties: e643bd26f0fe6173181afceb89e7c659 -> 
  custom:AudioImporter_EditorPlatform: d09bf68614088b80899f8185d706f6e7 -> 
  custom:video-encoder-webm-vp8: eb34c28f22e8b96e1ab97ce403110664 -> 
  custom:audio-decoder-ogg-vorbis: bf7c407c2cedff20999df2af8eb42d56 -> 
  custom:audio-encoder-webm-vorbis: bf7c407c2cedff20999df2af8eb42d56 -> 
========================================================================
Received Import Request.
  Time since last request: 306.258298 seconds.
  path: Assets/Jun_workspace/Materials/hall_Hallway_AlbedoTransparency.mat
  artifactKey: Guid(9d90d6a58178a1548b56687139c3933e) Importer(815301076,1909f56bfc062723c751e8b465ee728b)
Start importing Assets/Jun_workspace/Materials/hall_Hallway_AlbedoTransparency.mat using Guid(9d90d6a58178a1548b56687139c3933e) Importer(815301076,1909f56bfc062723c751e8b465ee728b)  -> (artifact id: 'ed07955501401f60c3da3614b487ee13') in 1.309091 seconds
Number of updated asset objects reloaded before import = 0
Number of asset objects unloaded after import = 24
========================================================================
Received Import Request.
  Time since last request: 67.822855 seconds.
  path: Assets/Jun_workspace/Models/hall.blend
  artifactKey: Guid(b50b7a2b13aebb44b8ec698b37ea7134) Importer(815301076,1909f56bfc062723c751e8b465ee728b)
Start importing Assets/Jun_workspace/Models/hall.blend using Guid(b50b7a2b13aebb44b8ec698b37ea7134) Importer(815301076,1909f56bfc062723c751e8b465ee728b)  -> (artifact id: 'ccf961d56388164e8146f46913362213') in 0.049348 seconds
Number of updated asset objects reloaded before import = 0
Number of asset objects unloaded after import = 9
========================================================================
Received Import Request.
  Time since last request: 16.502875 seconds.
  path: Assets/Jun_workspace/Models/hall.blend
  artifactKey: Guid(b50b7a2b13aebb44b8ec698b37ea7134) Importer(815301076,1909f56bfc062723c751e8b465ee728b)
Start importing Assets/Jun_workspace/Models/hall.blend using Guid(b50b7a2b13aebb44b8ec698b37ea7134) Importer(815301076,1909f56bfc062723c751e8b465ee728b)  -> (artifact id: 'ea7e61a055fe13811c6a7fed35635d20') in 0.042349 seconds
Number of updated asset objects reloaded before import = 0
Number of asset objects unloaded after import = 16
========================================================================
Received Import Request.
  Time since last request: 4.873741 seconds.
  path: Assets/Jun_workspace/Materials/hall_Hallway_AlbedoTransparency.mat
  artifactKey: Guid(9d90d6a58178a1548b56687139c3933e) Importer(815301076,1909f56bfc062723c751e8b465ee728b)
Start importing Assets/Jun_workspace/Materials/hall_Hallway_AlbedoTransparency.mat using Guid(9d90d6a58178a1548b56687139c3933e) Importer(815301076,1909f56bfc062723c751e8b465ee728b)  -> (artifact id: 'b9c707b2769489ed777390cce84b3ea9') in 0.752039 seconds
Number of updated asset objects reloaded before import = 0
Number of asset objects unloaded after import = 6
========================================================================
Received Import Request.
  Time since last request: 64.281169 seconds.
  path: Assets/Jun_workspace/Materials/hall_Hallway_AlbedoTransparency 1.mat
  artifactKey: Guid(2c0e3b6942c2c9c449ef0a5044b2a7e8) Importer(815301076,1909f56bfc062723c751e8b465ee728b)
Start importing Assets/Jun_workspace/Materials/hall_Hallway_AlbedoTransparency 1.mat using Guid(2c0e3b6942c2c9c449ef0a5044b2a7e8) Importer(815301076,1909f56bfc062723c751e8b465ee728b)  -> (artifact id: '006c3b383920ae802cfdb2af4f6ddad9') in 0.042901 seconds
Number of updated asset objects reloaded before import = 0
Number of asset objects unloaded after import = 7
