Using pre-set license
Built from '2022.3/staging' branch; Version is '2022.3.19f1 (244b723c30a6) revision 2378610'; Using compiler version '192829333'; Build Type 'Release'
OS: 'Windows 11  (10.0.22631) 64bit Education' Language: 'ko' Physical Memory: 65450 MB
BatchMode: 1, IsHumanControllingUs: 0, StartBugReporterOnCrash: 0, Is64bit: 1, IsPro: 1

COMMAND LINE ARGUMENTS:
C:\Program Files\Unity\Hub\Editor\2022.3.19f1\Editor\Unity.exe
-adb2
-batchMode
-noUpm
-name
AssetImportWorker0
-projectPath
E:/github/LethalCookieRoom/LethalCookieRoom
-logFile
Logs/AssetImportWorker0.log
-srvPort
3153
Successfully changed project path to: E:/github/LethalCookieRoom/LethalCookieRoom
E:/github/LethalCookieRoom/LethalCookieRoom
[UnityMemory] Configuration Parameters - Can be set up in boot.config
    "memorysetup-bucket-allocator-granularity=16"
    "memorysetup-bucket-allocator-bucket-count=8"
    "memorysetup-bucket-allocator-block-size=33554432"
    "memorysetup-bucket-allocator-block-count=8"
    "memorysetup-main-allocator-block-size=16777216"
    "memorysetup-thread-allocator-block-size=16777216"
    "memorysetup-gfx-main-allocator-block-size=16777216"
    "memorysetup-gfx-thread-allocator-block-size=16777216"
    "memorysetup-cache-allocator-block-size=4194304"
    "memorysetup-typetree-allocator-block-size=2097152"
    "memorysetup-profiler-bucket-allocator-granularity=16"
    "memorysetup-profiler-bucket-allocator-bucket-count=8"
    "memorysetup-profiler-bucket-allocator-block-size=33554432"
    "memorysetup-profiler-bucket-allocator-block-count=8"
    "memorysetup-profiler-allocator-block-size=16777216"
    "memorysetup-profiler-editor-allocator-block-size=1048576"
    "memorysetup-temp-allocator-size-main=16777216"
    "memorysetup-job-temp-allocator-block-size=2097152"
    "memorysetup-job-temp-allocator-block-size-background=1048576"
    "memorysetup-job-temp-allocator-reduction-small-platforms=262144"
    "memorysetup-allocator-temp-initial-block-size-main=262144"
    "memorysetup-allocator-temp-initial-block-size-worker=262144"
    "memorysetup-temp-allocator-size-background-worker=32768"
    "memorysetup-temp-allocator-size-job-worker=262144"
    "memorysetup-temp-allocator-size-preload-manager=33554432"
    "memorysetup-temp-allocator-size-nav-mesh-worker=65536"
    "memorysetup-temp-allocator-size-audio-worker=65536"
    "memorysetup-temp-allocator-size-cloud-worker=32768"
    "memorysetup-temp-allocator-size-gi-baking-worker=262144"
    "memorysetup-temp-allocator-size-gfx=262144"
Player connection [299536] Host "[IP] 192.168.50.188 [Port] 0 [Flags] 2 [Guid] 2037869308 [EditorId] 2037869308 [Version] 1048832 [Id] WindowsEditor(7,DESKTOP-61H7S5V) [Debug] 1 [PackageName] WindowsEditor [ProjectName] Editor" joined multi-casting on [225.0.0.222:54997]...

Player connection [299536] Host "[IP] 192.168.50.188 [Port] 0 [Flags] 2 [Guid] 2037869308 [EditorId] 2037869308 [Version] 1048832 [Id] WindowsEditor(7,DESKTOP-61H7S5V) [Debug] 1 [PackageName] WindowsEditor [ProjectName] Editor" joined alternative multi-casting on [225.0.0.222:34997]...

[Physics::Module] Initialized MultithreadedJobDispatcher with 15 workers.
Refreshing native plugins compatible for Editor in 12.94 ms, found 29 plugins.
Preloading 0 native plugins for Editor in 0.00 ms.
Initialize engine version: 2022.3.19f1 (244b723c30a6)
[Subsystems] Discovering subsystems at path C:/Program Files/Unity/Hub/Editor/2022.3.19f1/Editor/Data/Resources/UnitySubsystems
[Subsystems] Discovering subsystems at path E:/github/LethalCookieRoom/LethalCookieRoom/Assets
GfxDevice: creating device client; threaded=0; jobified=0
Direct3D:
    Version:  Direct3D 11.0 [level 11.1]
    Renderer: NVIDIA GeForce RTX 2060 SUPER (ID=0x1f06)
    Vendor:   NVIDIA
    VRAM:     8019 MB
    Driver:   31.0.15.4584
Initialize mono
Mono path[0] = 'C:/Program Files/Unity/Hub/Editor/2022.3.19f1/Editor/Data/Managed'
Mono path[1] = 'C:/Program Files/Unity/Hub/Editor/2022.3.19f1/Editor/Data/MonoBleedingEdge/lib/mono/unityjit-win32'
Mono config path = 'C:/Program Files/Unity/Hub/Editor/2022.3.19f1/Editor/Data/MonoBleedingEdge/etc'
Using monoOptions --debugger-agent=transport=dt_socket,embedding=1,server=y,suspend=n,address=127.0.0.1:56540
Begin MonoManager ReloadAssembly
Registering precompiled unity dll's ...
Register platform support module: C:/Program Files/Unity/Hub/Editor/2022.3.19f1/Editor/Data/PlaybackEngines/WindowsStandaloneSupport/UnityEditor.WindowsStandalone.Extensions.dll
Registered in 0.004963 seconds.
- Loaded All Assemblies, in  0.500 seconds
Native extension for WindowsStandalone target not found
Mono: successfully reloaded assembly
- Finished resetting the current domain, in  0.381 seconds
Domain Reload Profiling: 880ms
	BeginReloadAssembly (109ms)
		ExecutionOrderSort (0ms)
		DisableScriptedObjects (0ms)
		BackupInstance (0ms)
		ReleaseScriptingObjects (0ms)
		CreateAndSetChildDomain (1ms)
	RebuildCommonClasses (40ms)
	RebuildNativeTypeToScriptingClass (12ms)
	initialDomainReloadingComplete (59ms)
	LoadAllAssembliesAndSetupDomain (279ms)
		LoadAssemblies (107ms)
		RebuildTransferFunctionScriptingTraits (0ms)
		AnalyzeDomain (277ms)
			TypeCache.Refresh (275ms)
				TypeCache.ScanAssembly (252ms)
			ScanForSourceGeneratedMonoScriptInfo (0ms)
			ResolveRequiredComponents (1ms)
	FinalizeReload (381ms)
		ReleaseScriptCaches (0ms)
		RebuildScriptCaches (0ms)
		SetupLoadedEditorAssemblies (302ms)
			LogAssemblyErrors (0ms)
			InitializePlatformSupportModulesInManaged (12ms)
			SetLoadedEditorAssemblies (10ms)
			RefreshPlugins (0ms)
			BeforeProcessingInitializeOnLoad (2ms)
			ProcessInitializeOnLoadAttributes (187ms)
			ProcessInitializeOnLoadMethodAttributes (90ms)
			AfterProcessingInitializeOnLoad (0ms)
			EditorAssembliesLoaded (0ms)
		ExecutionOrderSort2 (0ms)
		AwakeInstancesAfterBackupRestoration (0ms)
========================================================================
Worker process is ready to serve import requests
Begin MonoManager ReloadAssembly
- Loaded All Assemblies, in  1.091 seconds
Refreshing native plugins compatible for Editor in 5.32 ms, found 29 plugins.
Native extension for WindowsStandalone target not found
Package Manager log level set to [2]
[Package Manager] Server::EnsureServerProcessIsRunning -- launch failed, reason: Unity was launched with the -noUpm command-line argument
[Package Manager] UpmClient::Send -- Unable to send message (not connected to UPM process).
[Package Manager] Cannot connect to Unity Package Manager local server
Mono: successfully reloaded assembly
- Finished resetting the current domain, in  1.485 seconds
Domain Reload Profiling: 2574ms
	BeginReloadAssembly (205ms)
		ExecutionOrderSort (0ms)
		DisableScriptedObjects (7ms)
		BackupInstance (0ms)
		ReleaseScriptingObjects (0ms)
		CreateAndSetChildDomain (31ms)
	RebuildCommonClasses (50ms)
	RebuildNativeTypeToScriptingClass (18ms)
	initialDomainReloadingComplete (55ms)
	LoadAllAssembliesAndSetupDomain (761ms)
		LoadAssemblies (508ms)
		RebuildTransferFunctionScriptingTraits (0ms)
		AnalyzeDomain (370ms)
			TypeCache.Refresh (315ms)
				TypeCache.ScanAssembly (291ms)
			ScanForSourceGeneratedMonoScriptInfo (41ms)
			ResolveRequiredComponents (13ms)
	FinalizeReload (1485ms)
		ReleaseScriptCaches (0ms)
		RebuildScriptCaches (0ms)
		SetupLoadedEditorAssemblies (1260ms)
			LogAssemblyErrors (0ms)
			InitializePlatformSupportModulesInManaged (6ms)
			SetLoadedEditorAssemblies (3ms)
			RefreshPlugins (0ms)
			BeforeProcessingInitializeOnLoad (87ms)
			ProcessInitializeOnLoadAttributes (524ms)
			ProcessInitializeOnLoadMethodAttributes (633ms)
			AfterProcessingInitializeOnLoad (6ms)
			EditorAssembliesLoaded (0ms)
		ExecutionOrderSort2 (0ms)
		AwakeInstancesAfterBackupRestoration (8ms)
Launched and connected shader compiler UnityShaderCompiler.exe after 0.09 seconds
Refreshing native plugins compatible for Editor in 9.39 ms, found 29 plugins.
Preloading 0 native plugins for Editor in 0.00 ms.
Unloading 5514 Unused Serialized files (Serialized files now loaded: 0)
Unloading 100 unused Assets / (439.5 KB). Loaded Objects now: 5943.
Memory consumption went from 227.7 MB to 227.2 MB.
Total: 7.560400 ms (FindLiveObjects: 1.074500 ms CreateObjectMapping: 0.274900 ms MarkObjects: 5.724700 ms  DeleteObjects: 0.484900 ms)

AssetImportParameters requested are different than current active one (requested -> active):
  custom:container-demuxer-ogg: 62fdf1f143b41e24485cea50d1cbac27 -> 
  custom:video-decoder-ogg-theora: a1e56fd34408186e4bbccfd4996cb3dc -> 
  custom:framework-win-MediaFoundation: 216162199b28c13a410421893ffa2e32 -> 
  custom:CustomObjectIndexerAttribute: 62b5816608c3102f162a1797e29626cf -> 
  custom:container-demuxer-webm: 4f35f7cbe854078d1ac9338744f61a02 -> 
  custom:container-muxer-webm: aa71ff27fc2769a1b78a27578f13a17b -> 
  custom:video-decoder-webm-vp8: 9c59270c3fd7afecdb556c50c9e8de78 -> 
  custom:SearchIndexIgnoredProperties: e643bd26f0fe6173181afceb89e7c659 -> 
  custom:AudioImporter_EditorPlatform: d09bf68614088b80899f8185d706f6e7 -> 
  custom:video-encoder-webm-vp8: eb34c28f22e8b96e1ab97ce403110664 -> 
  custom:audio-decoder-ogg-vorbis: bf7c407c2cedff20999df2af8eb42d56 -> 
  custom:audio-encoder-webm-vorbis: bf7c407c2cedff20999df2af8eb42d56 -> 
========================================================================
Received Prepare
Begin MonoManager ReloadAssembly
- Loaded All Assemblies, in  0.708 seconds
Refreshing native plugins compatible for Editor in 5.79 ms, found 29 plugins.
Native extension for WindowsStandalone target not found
[Package Manager] Server::EnsureServerProcessIsRunning -- launch failed, reason: Unity was launched with the -noUpm command-line argument
[Package Manager] UpmClient::Send -- Unable to send message (not connected to UPM process).
[Package Manager] Cannot connect to Unity Package Manager local server
Mono: successfully reloaded assembly
- Finished resetting the current domain, in  1.707 seconds
Domain Reload Profiling: 2415ms
	BeginReloadAssembly (220ms)
		ExecutionOrderSort (0ms)
		DisableScriptedObjects (5ms)
		BackupInstance (0ms)
		ReleaseScriptingObjects (0ms)
		CreateAndSetChildDomain (67ms)
	RebuildCommonClasses (41ms)
	RebuildNativeTypeToScriptingClass (15ms)
	initialDomainReloadingComplete (33ms)
	LoadAllAssembliesAndSetupDomain (398ms)
		LoadAssemblies (342ms)
		RebuildTransferFunctionScriptingTraits (0ms)
		AnalyzeDomain (168ms)
			TypeCache.Refresh (130ms)
				TypeCache.ScanAssembly (117ms)
			ScanForSourceGeneratedMonoScriptInfo (23ms)
			ResolveRequiredComponents (14ms)
	FinalizeReload (1708ms)
		ReleaseScriptCaches (0ms)
		RebuildScriptCaches (0ms)
		SetupLoadedEditorAssemblies (1043ms)
			LogAssemblyErrors (0ms)
			InitializePlatformSupportModulesInManaged (5ms)
			SetLoadedEditorAssemblies (3ms)
			RefreshPlugins (0ms)
			BeforeProcessingInitializeOnLoad (82ms)
			ProcessInitializeOnLoadAttributes (462ms)
			ProcessInitializeOnLoadMethodAttributes (482ms)
			AfterProcessingInitializeOnLoad (8ms)
			EditorAssembliesLoaded (0ms)
		ExecutionOrderSort2 (0ms)
		AwakeInstancesAfterBackupRestoration (18ms)
Shader 'TextMeshPro/Distance Field SSD': fallback shader 'TextMeshPro/Mobile/Distance Field' not found
Shader 'TextMeshPro/Distance Field': fallback shader 'TextMeshPro/Mobile/Distance Field' not found
Refreshing native plugins compatible for Editor in 9.09 ms, found 29 plugins.
Preloading 0 native plugins for Editor in 0.00 ms.
Unloading 5764 Unused Serialized files (Serialized files now loaded: 0)
Unloading 89 unused Assets / (1.1 MB). Loaded Objects now: 6367.
Memory consumption went from 209.4 MB to 208.3 MB.
Total: 10.134100 ms (FindLiveObjects: 0.969300 ms CreateObjectMapping: 0.307500 ms MarkObjects: 7.575600 ms  DeleteObjects: 1.279500 ms)

Prepare: number of updated asset objects reloaded= 0
AssetImportParameters requested are different than current active one (requested -> active):
  custom:container-demuxer-ogg: 62fdf1f143b41e24485cea50d1cbac27 -> 
  custom:video-decoder-ogg-theora: a1e56fd34408186e4bbccfd4996cb3dc -> 
  custom:framework-win-MediaFoundation: 216162199b28c13a410421893ffa2e32 -> 
  custom:CustomObjectIndexerAttribute: 62b5816608c3102f162a1797e29626cf -> 
  custom:container-demuxer-webm: 4f35f7cbe854078d1ac9338744f61a02 -> 
  custom:container-muxer-webm: aa71ff27fc2769a1b78a27578f13a17b -> 
  custom:video-decoder-webm-vp8: 9c59270c3fd7afecdb556c50c9e8de78 -> 
  custom:SearchIndexIgnoredProperties: e643bd26f0fe6173181afceb89e7c659 -> 
  custom:AudioImporter_EditorPlatform: d09bf68614088b80899f8185d706f6e7 -> 
  custom:video-encoder-webm-vp8: eb34c28f22e8b96e1ab97ce403110664 -> 
  custom:audio-decoder-ogg-vorbis: bf7c407c2cedff20999df2af8eb42d56 -> 
  custom:audio-encoder-webm-vorbis: bf7c407c2cedff20999df2af8eb42d56 -> 
========================================================================
Received Import Request.
  Time since last request: 217747.540304 seconds.
  path: Assets/Jun_workspace/Models/Oven.blend
  artifactKey: Guid(007f92f4098a13541a1b22d87a6aa107) Importer(815301076,1909f56bfc062723c751e8b465ee728b)
Start importing Assets/Jun_workspace/Models/Oven.blend using Guid(007f92f4098a13541a1b22d87a6aa107) Importer(815301076,1909f56bfc062723c751e8b465ee728b)  -> (artifact id: 'd0259b683bb5532b4e69b93764311548') in 0.452545 seconds
Number of updated asset objects reloaded before import = 0
Number of asset objects unloaded after import = 55
========================================================================
Received Import Request.
  Time since last request: 151.751101 seconds.
  path: Assets/Jun_workspace/Models/Oven.blend
  artifactKey: Guid(007f92f4098a13541a1b22d87a6aa107) Importer(815301076,1909f56bfc062723c751e8b465ee728b)
Start importing Assets/Jun_workspace/Models/Oven.blend using Guid(007f92f4098a13541a1b22d87a6aa107) Importer(815301076,1909f56bfc062723c751e8b465ee728b)  -> (artifact id: '88963bfb7ad8cb480136c3c0ca36e988') in 0.094887 seconds
Number of updated asset objects reloaded before import = 0
Number of asset objects unloaded after import = 36
========================================================================
Received Import Request.
  Time since last request: 4247.896726 seconds.
  path: Assets/Jun_workspace/Models/Oven.blend
  artifactKey: Guid(007f92f4098a13541a1b22d87a6aa107) Importer(815301076,1909f56bfc062723c751e8b465ee728b)
Start importing Assets/Jun_workspace/Models/Oven.blend using Guid(007f92f4098a13541a1b22d87a6aa107) Importer(815301076,1909f56bfc062723c751e8b465ee728b)  -> (artifact id: 'e28324555f1d16e8e63e720d5fed0d50') in 0.068459 seconds
Number of updated asset objects reloaded before import = 0
Number of asset objects unloaded after import = 30
========================================================================
Received Import Request.
  Time since last request: 124.059348 seconds.
  path: Assets/Jun_workspace/Materials/Hall Camera Mat.mat
  artifactKey: Guid(a8ccf6f6d22d11546a9e2427c7ea0efa) Importer(815301076,1909f56bfc062723c751e8b465ee728b)
Start importing Assets/Jun_workspace/Materials/Hall Camera Mat.mat using Guid(a8ccf6f6d22d11546a9e2427c7ea0efa) Importer(815301076,1909f56bfc062723c751e8b465ee728b)  -> (artifact id: '8fb83dc405829c56f53cd4927228ec56') in 0.017432 seconds
Number of updated asset objects reloaded before import = 0
Number of asset objects unloaded after import = 3
========================================================================
Received Import Request.
  Time since last request: 1830.855512 seconds.
  path: Assets/Jun_workspace/Models/Oven.blend
  artifactKey: Guid(007f92f4098a13541a1b22d87a6aa107) Importer(815301076,1909f56bfc062723c751e8b465ee728b)
Start importing Assets/Jun_workspace/Models/Oven.blend using Guid(007f92f4098a13541a1b22d87a6aa107) Importer(815301076,1909f56bfc062723c751e8b465ee728b)  -> (artifact id: '07acab4aa1a37c5e0f63e41bc5b2e55c') in 0.089135 seconds
Number of updated asset objects reloaded before import = 0
Number of asset objects unloaded after import = 35
========================================================================
Received Import Request.
  Time since last request: 0.000029 seconds.
  path: Assets/Jun_workspace/Models/Oven for texture.fbx
  artifactKey: Guid(b8227f45388c24c46936f9d77230c5c4) Importer(815301076,1909f56bfc062723c751e8b465ee728b)
Start importing Assets/Jun_workspace/Models/Oven for texture.fbx using Guid(b8227f45388c24c46936f9d77230c5c4) Importer(815301076,1909f56bfc062723c751e8b465ee728b)  -> (artifact id: 'a11608525a82b10b28fff7147a6f001b') in 0.077046 seconds
Number of updated asset objects reloaded before import = 0
Number of asset objects unloaded after import = 35
========================================================================
Received Import Request.
  Time since last request: 38.990919 seconds.
  path: Assets/Jun_workspace/Models/Oven.fbx
  artifactKey: Guid(fc8798cf754652145aac31777297410d) Importer(815301076,1909f56bfc062723c751e8b465ee728b)
Start importing Assets/Jun_workspace/Models/Oven.fbx using Guid(fc8798cf754652145aac31777297410d) Importer(815301076,1909f56bfc062723c751e8b465ee728b)  -> (artifact id: '98423a0a1d51e0e1cf535f8c6482d5e6') in 0.077910 seconds
Number of updated asset objects reloaded before import = 0
Number of asset objects unloaded after import = 35
========================================================================
Received Import Request.
  Time since last request: 2.538606 seconds.
  path: Assets/Jun_workspace/Models/Oven.blend
  artifactKey: Guid(007f92f4098a13541a1b22d87a6aa107) Importer(815301076,1909f56bfc062723c751e8b465ee728b)
Start importing Assets/Jun_workspace/Models/Oven.blend using Guid(007f92f4098a13541a1b22d87a6aa107) Importer(815301076,1909f56bfc062723c751e8b465ee728b)  -> (artifact id: 'c7d2611fe9dee619655e46208bc731a7') in 0.001226 seconds
Number of updated asset objects reloaded before import = 0
Number of asset objects unloaded after import = 1
========================================================================
Received Import Request.
  Time since last request: 10.294290 seconds.
  path: Assets/Jun_workspace/Models/Oven.blend
  artifactKey: Guid(007f92f4098a13541a1b22d87a6aa107) Importer(815301076,1909f56bfc062723c751e8b465ee728b)
Start importing Assets/Jun_workspace/Models/Oven.blend using Guid(007f92f4098a13541a1b22d87a6aa107) Importer(815301076,1909f56bfc062723c751e8b465ee728b)  -> (artifact id: 'b86c4ff87a2e72db05464192fec7b054') in 0.077503 seconds
Number of updated asset objects reloaded before import = 0
Number of asset objects unloaded after import = 35
========================================================================
Received Import Request.
  Time since last request: 642.526487 seconds.
  path: Assets/Jun_workspace/Textures/Oven
  artifactKey: Guid(da6c2b207438dd541aea65d2b9a89306) Importer(815301076,1909f56bfc062723c751e8b465ee728b)
Start importing Assets/Jun_workspace/Textures/Oven using Guid(da6c2b207438dd541aea65d2b9a89306) Importer(815301076,1909f56bfc062723c751e8b465ee728b)  -> (artifact id: '24d1603da292f1061f6769db214cf186') in 0.000743 seconds
Number of updated asset objects reloaded before import = 0
Number of asset objects unloaded after import = 0
========================================================================
Received Import Request.
  Time since last request: 63.496502 seconds.
  path: Assets/Jun_workspace/Textures/Oven/Oven for texture_Big Oven_AlbedoTransparency.png
  artifactKey: Guid(11244e2f923418941bafc8b900802bfd) Importer(815301076,1909f56bfc062723c751e8b465ee728b)
Start importing Assets/Jun_workspace/Textures/Oven/Oven for texture_Big Oven_AlbedoTransparency.png using Guid(11244e2f923418941bafc8b900802bfd) Importer(815301076,1909f56bfc062723c751e8b465ee728b)  -> (artifact id: '4b8afdaa98e3f253027aa2779bab933a') in 0.075508 seconds
Number of updated asset objects reloaded before import = 0
Number of asset objects unloaded after import = 2
========================================================================
Received Import Request.
  Time since last request: 0.039734 seconds.
  path: Assets/Jun_workspace/Textures/Oven/Oven for texture_Big Oven_Normal.png
  artifactKey: Guid(41081a5bafc26ec4e92f2f26f4aa5d4a) Importer(815301076,1909f56bfc062723c751e8b465ee728b)
Start importing Assets/Jun_workspace/Textures/Oven/Oven for texture_Big Oven_Normal.png using Guid(41081a5bafc26ec4e92f2f26f4aa5d4a) Importer(815301076,1909f56bfc062723c751e8b465ee728b)  -> (artifact id: '12f9fb2d6aee3519b74e3bee8e16a6fc') in 0.032802 seconds
Number of updated asset objects reloaded before import = 0
Number of asset objects unloaded after import = 2
========================================================================
Received Import Request.
  Time since last request: 0.000038 seconds.
  path: Assets/Jun_workspace/Textures/Oven/Oven for texture_Rail_Normal.png
  artifactKey: Guid(b2f1215f0f79f1146884aeb8c36310ca) Importer(815301076,1909f56bfc062723c751e8b465ee728b)
Start importing Assets/Jun_workspace/Textures/Oven/Oven for texture_Rail_Normal.png using Guid(b2f1215f0f79f1146884aeb8c36310ca) Importer(815301076,1909f56bfc062723c751e8b465ee728b)  -> (artifact id: '36d87a0e181aac929cf08a914648c087') in 0.037602 seconds
Number of updated asset objects reloaded before import = 0
Number of asset objects unloaded after import = 2
========================================================================
Received Import Request.
  Time since last request: 0.000067 seconds.
  path: Assets/Jun_workspace/Textures/Oven/Oven for texture_Pillar_AlbedoTransparency.png
  artifactKey: Guid(081dca6cda2912f4ba20d000b47c0407) Importer(815301076,1909f56bfc062723c751e8b465ee728b)
Start importing Assets/Jun_workspace/Textures/Oven/Oven for texture_Pillar_AlbedoTransparency.png using Guid(081dca6cda2912f4ba20d000b47c0407) Importer(815301076,1909f56bfc062723c751e8b465ee728b)  -> (artifact id: '7c58f4caee02b508b4c9f363849c2170') in 0.048370 seconds
Number of updated asset objects reloaded before import = 0
Number of asset objects unloaded after import = 2
========================================================================
Received Import Request.
  Time since last request: 0.000031 seconds.
  path: Assets/Jun_workspace/Textures/Oven/Oven for texture_Rail_Emission.png
  artifactKey: Guid(85649d564d6795b4ba08fae097f57772) Importer(815301076,1909f56bfc062723c751e8b465ee728b)
Start importing Assets/Jun_workspace/Textures/Oven/Oven for texture_Rail_Emission.png using Guid(85649d564d6795b4ba08fae097f57772) Importer(815301076,1909f56bfc062723c751e8b465ee728b)  -> (artifact id: 'e67ebcf8cbe20041a5beac3f38528c15') in 0.023428 seconds
Number of updated asset objects reloaded before import = 0
Number of asset objects unloaded after import = 2
========================================================================
Received Import Request.
  Time since last request: 0.000056 seconds.
  path: Assets/Jun_workspace/Textures/Oven/Oven for texture_Pillar_Emission.png
  artifactKey: Guid(290f2c06104f50247ba90bc654e53f79) Importer(815301076,1909f56bfc062723c751e8b465ee728b)
Start importing Assets/Jun_workspace/Textures/Oven/Oven for texture_Pillar_Emission.png using Guid(290f2c06104f50247ba90bc654e53f79) Importer(815301076,1909f56bfc062723c751e8b465ee728b)  -> (artifact id: 'de9a3c459ed44c4ac8eb15515ddbb9ac') in 0.023214 seconds
Number of updated asset objects reloaded before import = 0
Number of asset objects unloaded after import = 2
Editor requested this worker to shutdown with reason: Scaling down because of idle timeout
TcpMessagingSession - receive error: operation aborted. errorcode: 995, details: 스레드 종료 또는 응용 프로그램 요청 때문에 I/O 작업이 취소되었습니다.
AssetImportWorker is now disconnected from the server
Process exiting
Exiting without the bug reporter. Application will terminate with return code 0